<?xml version="1.0" encoding="utf-8"?><testsuites><testsuite name="pytest" errors="0" failures="0" skipped="0" tests="5" time="58.255" timestamp="2025-05-27T14:19:58.484435+04:00" hostname="zcemg08-Vivobook-ASUSLaptop-K3605ZC-K3605ZC"><testcase classname="tests.test_agent" name="test_main_agent_does_not_crash[v1_2281367071791442038]" time="0.842" /><testcase classname="tests.test_agent" name="test_main_agent_does_not_crash[v1_5964042049761918890]" time="1.114" /><testcase classname="tests.test_agent" name="test_main_agent_does_not_crash[v1_4957704322346361020]" time="52.251" /><testcase classname="tests.test_agent" name="test_main_agent_does_not_crash[v1_-5179547086308954210]" time="1.511" /><testcase classname="tests.test_agent" name="test_main_agent_does_not_crash[v2_-8393795553441931217]" time="0.394" /></testsuite></testsuites>