<?xml version="1.0" encoding="utf-8"?><testsuites><testsuite name="pytest" errors="0" failures="0" skipped="0" tests="4" time="82.602" timestamp="2025-05-27T17:38:08.925978+04:00" hostname="zcemg08-Vivobook-ASUSLaptop-K3605ZC-K3605ZC"><testcase classname="tests.test_agent" name="test_main_agent[line_1]" time="1.142" /><testcase classname="tests.test_agent" name="test_main_agent[line_2]" time="2.010" /><testcase classname="tests.test_agent" name="test_main_agent[line_3]" time="74.852" /><testcase classname="tests.test_agent" name="test_main_agent[line_4]" time="2.289" /></testsuite></testsuites>